{"C:\\Users\\kbhat\\Desktop\\React.js\\Akshay Saini\\namaste-react\\src\\components\\Body.jsx": {"path":"C:\\Users\\kbhat\\Desktop\\React.js\\Akshay Saini\\namaste-react\\src\\components\\Body.jsx","statementMap":{"0":{"start":{"line":9,"column":13},"end":{"line":111,"column":1}},"1":{"start":{"line":10,"column":52},"end":{"line":10,"column":64}},"2":{"start":{"line":11,"column":54},"end":{"line":11,"column":66}},"3":{"start":{"line":12,"column":38},"end":{"line":12,"column":50}},"4":{"start":{"line":14,"column":23},"end":{"line":14,"column":40}},"5":{"start":{"line":16,"column":2},"end":{"line":16,"column":61}},"6":{"start":{"line":16,"column":29},"end":{"line":16,"column":61}},"7":{"start":{"line":18,"column":33},"end":{"line":18,"column":66}},"8":{"start":{"line":20,"column":2},"end":{"line":27,"column":9}},"9":{"start":{"line":21,"column":4},"end":{"line":21,"column":25}},"10":{"start":{"line":22,"column":4},"end":{"line":22,"column":16}},"11":{"start":{"line":29,"column":20},"end":{"line":42,"column":3}},"12":{"start":{"line":30,"column":17},"end":{"line":32,"column":5}},"13":{"start":{"line":33,"column":17},"end":{"line":33,"column":34}},"14":{"start":{"line":34,"column":4},"end":{"line":34,"column":22}},"15":{"start":{"line":36,"column":4},"end":{"line":38,"column":6}},"16":{"start":{"line":39,"column":4},"end":{"line":41,"column":6}},"17":{"start":{"line":44,"column":40},"end":{"line":44,"column":63}},"18":{"start":{"line":46,"column":2},"end":{"line":110,"column":4}},"19":{"start":{"line":55,"column":29},"end":{"line":55,"column":58}},"20":{"start":{"line":61,"column":42},"end":{"line":63,"column":15}},"21":{"start":{"line":62,"column":16},"end":{"line":62,"column":78}},"22":{"start":{"line":64,"column":14},"end":{"line":64,"column":57}},"23":{"start":{"line":87,"column":29},"end":{"line":87,"column":56}},"24":{"start":{"line":93,"column":10},"end":{"line":104,"column":17}}},"fnMap":{"0":{"name":"(anonymous_0)","decl":{"start":{"line":9,"column":13},"end":{"line":9,"column":14}},"loc":{"start":{"line":9,"column":19},"end":{"line":111,"column":1}},"line":9},"1":{"name":"(anonymous_1)","decl":{"start":{"line":20,"column":12},"end":{"line":20,"column":13}},"loc":{"start":{"line":20,"column":18},"end":{"line":27,"column":3}},"line":20},"2":{"name":"(anonymous_2)","decl":{"start":{"line":29,"column":20},"end":{"line":29,"column":21}},"loc":{"start":{"line":29,"column":32},"end":{"line":42,"column":3}},"line":29},"3":{"name":"(anonymous_3)","decl":{"start":{"line":55,"column":22},"end":{"line":55,"column":23}},"loc":{"start":{"line":55,"column":29},"end":{"line":55,"column":58}},"line":55},"4":{"name":"(anonymous_4)","decl":{"start":{"line":60,"column":21},"end":{"line":60,"column":22}},"loc":{"start":{"line":60,"column":27},"end":{"line":65,"column":13}},"line":60},"5":{"name":"(anonymous_5)","decl":{"start":{"line":61,"column":67},"end":{"line":61,"column":68}},"loc":{"start":{"line":62,"column":16},"end":{"line":62,"column":78}},"line":62},"6":{"name":"(anonymous_6)","decl":{"start":{"line":87,"column":22},"end":{"line":87,"column":23}},"loc":{"start":{"line":87,"column":29},"end":{"line":87,"column":56}},"line":87},"7":{"name":"(anonymous_7)","decl":{"start":{"line":92,"column":33},"end":{"line":92,"column":34}},"loc":{"start":{"line":93,"column":10},"end":{"line":104,"column":17}},"line":93}},"branchMap":{"0":{"loc":{"start":{"line":16,"column":2},"end":{"line":16,"column":61}},"type":"if","locations":[{"start":{"line":16,"column":2},"end":{"line":16,"column":61}},{"start":{},"end":{}}],"line":16},"1":{"loc":{"start":{"line":46,"column":9},"end":{"line":110,"column":3}},"type":"cond-expr","locations":[{"start":{"line":47,"column":4},"end":{"line":47,"column":23}},{"start":{"line":49,"column":4},"end":{"line":109,"column":10}}],"line":46},"2":{"loc":{"start":{"line":98,"column":13},"end":{"line":102,"column":13}},"type":"cond-expr","locations":[{"start":{"line":99,"column":14},"end":{"line":99,"column":58}},{"start":{"line":101,"column":14},"end":{"line":101,"column":50}}],"line":98}},"s":{"0":1,"1":5,"2":5,"3":5,"4":5,"5":5,"6":0,"7":5,"8":5,"9":2,"10":2,"11":5,"12":2,"13":2,"14":2,"15":2,"16":2,"17":5,"18":5,"19":1,"20":1,"21":0,"22":0,"23":0,"24":0},"f":{"0":5,"1":2,"2":2,"3":1,"4":1,"5":0,"6":0,"7":0},"b":{"0":[0,5],"1":[2,3],"2":[0,0]},"_coverageSchema":"1a1c01bbd47fc00a2c39e90264f33305004495a9","hash":"bdd526633ab8ad65795dada05840f340ae46961c"}
,"C:\\Users\\kbhat\\Desktop\\React.js\\Akshay Saini\\namaste-react\\src\\components\\Contact.jsx": {"path":"C:\\Users\\kbhat\\Desktop\\React.js\\Akshay Saini\\namaste-react\\src\\components\\Contact.jsx","statementMap":{"0":{"start":{"line":3,"column":16},"end":{"line":24,"column":1}},"1":{"start":{"line":4,"column":2},"end":{"line":23,"column":4}}},"fnMap":{"0":{"name":"(anonymous_0)","decl":{"start":{"line":3,"column":16},"end":{"line":3,"column":17}},"loc":{"start":{"line":3,"column":22},"end":{"line":24,"column":1}},"line":3}},"branchMap":{},"s":{"0":1,"1":4},"f":{"0":4},"b":{},"_coverageSchema":"1a1c01bbd47fc00a2c39e90264f33305004495a9","hash":"8615eab660859ad30cb492b62907348e5565861d"}
,"C:\\Users\\kbhat\\Desktop\\React.js\\Akshay Saini\\namaste-react\\src\\components\\Header.jsx": {"path":"C:\\Users\\kbhat\\Desktop\\React.js\\Akshay Saini\\namaste-react\\src\\components\\Header.jsx","statementMap":{"0":{"start":{"line":8,"column":15},"end":{"line":54,"column":1}},"1":{"start":{"line":9,"column":32},"end":{"line":9,"column":49}},"2":{"start":{"line":11,"column":27},"end":{"line":11,"column":50}},"3":{"start":{"line":15,"column":20},"end":{"line":15,"column":60}},"4":{"start":{"line":15,"column":43},"end":{"line":15,"column":59}},"5":{"start":{"line":17,"column":2},"end":{"line":17,"column":38}},"6":{"start":{"line":19,"column":2},"end":{"line":53,"column":4}},"7":{"start":{"line":44,"column":14},"end":{"line":44,"column":79}}},"fnMap":{"0":{"name":"(anonymous_0)","decl":{"start":{"line":8,"column":15},"end":{"line":8,"column":16}},"loc":{"start":{"line":8,"column":21},"end":{"line":54,"column":1}},"line":8},"1":{"name":"(anonymous_1)","decl":{"start":{"line":15,"column":32},"end":{"line":15,"column":33}},"loc":{"start":{"line":15,"column":43},"end":{"line":15,"column":59}},"line":15},"2":{"name":"(anonymous_2)","decl":{"start":{"line":43,"column":21},"end":{"line":43,"column":22}},"loc":{"start":{"line":43,"column":27},"end":{"line":45,"column":13}},"line":43}},"branchMap":{"0":{"loc":{"start":{"line":44,"column":14},"end":{"line":44,"column":78}},"type":"cond-expr","locations":[{"start":{"line":44,"column":36},"end":{"line":44,"column":56}},{"start":{"line":44,"column":59},"end":{"line":44,"column":78}}],"line":44}},"s":{"0":1,"1":5,"2":5,"3":5,"4":9,"5":5,"6":5,"7":1},"f":{"0":5,"1":9,"2":1},"b":{"0":[1,0]},"_coverageSchema":"1a1c01bbd47fc00a2c39e90264f33305004495a9","hash":"d0f64328119ed75cb68d32a2954b45bb04c9291b"}
,"C:\\Users\\kbhat\\Desktop\\React.js\\Akshay Saini\\namaste-react\\src\\components\\RestaurantCard.jsx": {"path":"C:\\Users\\kbhat\\Desktop\\React.js\\Akshay Saini\\namaste-react\\src\\components\\RestaurantCard.jsx","statementMap":{"0":{"start":{"line":3,"column":23},"end":{"line":22,"column":1}},"1":{"start":{"line":11,"column":6},"end":{"line":11,"column":19}},"2":{"start":{"line":12,"column":2},"end":{"line":21,"column":4}},"3":{"start":{"line":28,"column":33},"end":{"line":39,"column":1}},"4":{"start":{"line":29,"column":2},"end":{"line":38,"column":4}},"5":{"start":{"line":30,"column":4},"end":{"line":37,"column":6}}},"fnMap":{"0":{"name":"(anonymous_0)","decl":{"start":{"line":3,"column":23},"end":{"line":3,"column":24}},"loc":{"start":{"line":3,"column":40},"end":{"line":22,"column":1}},"line":3},"1":{"name":"(anonymous_1)","decl":{"start":{"line":28,"column":33},"end":{"line":28,"column":34}},"loc":{"start":{"line":28,"column":53},"end":{"line":39,"column":1}},"line":28},"2":{"name":"(anonymous_2)","decl":{"start":{"line":29,"column":9},"end":{"line":29,"column":10}},"loc":{"start":{"line":29,"column":20},"end":{"line":38,"column":3}},"line":29}},"branchMap":{},"s":{"0":2,"1":1,"2":1,"3":2,"4":5,"5":0},"f":{"0":1,"1":5,"2":0},"b":{},"_coverageSchema":"1a1c01bbd47fc00a2c39e90264f33305004495a9","hash":"8f7dc84fb2b9e8f73143a4027479b2d635a8b629"}
,"C:\\Users\\kbhat\\Desktop\\React.js\\Akshay Saini\\namaste-react\\src\\utils\\appStore.js": {"path":"C:\\Users\\kbhat\\Desktop\\React.js\\Akshay Saini\\namaste-react\\src\\utils\\appStore.js","statementMap":{"0":{"start":{"line":4,"column":17},"end":{"line":8,"column":2}}},"fnMap":{},"branchMap":{},"s":{"0":1},"f":{},"b":{},"_coverageSchema":"1a1c01bbd47fc00a2c39e90264f33305004495a9","hash":"1bd7673d490ec81eabf7602b5dd9ead14c85b9aa"}
}
