TN:
SF:src\components\Body.jsx
FN:9,(anonymous_0)
FN:20,(anonymous_1)
FN:29,(anonymous_2)
FN:55,(anonymous_3)
FN:60,(anonymous_4)
FN:61,(anonymous_5)
FN:87,(anonymous_6)
FN:92,(anonymous_7)
FNF:8
FNH:5
FNDA:5,(anonymous_0)
FNDA:2,(anonymous_1)
FNDA:2,(anonymous_2)
FNDA:1,(anonymous_3)
FNDA:1,(anonymous_4)
FNDA:0,(anonymous_5)
FNDA:0,(anonymous_6)
FNDA:0,(anonymous_7)
DA:9,1
DA:10,5
DA:11,5
DA:12,5
DA:14,5
DA:16,5
DA:18,5
DA:20,5
DA:21,2
DA:22,2
DA:29,5
DA:30,2
DA:33,2
DA:34,2
DA:36,2
DA:39,2
DA:44,5
DA:46,5
DA:55,1
DA:61,1
DA:62,0
DA:64,0
DA:87,0
DA:93,0
LF:24
LH:20
BRDA:16,0,0,0
BRDA:16,0,1,5
BRDA:46,1,0,2
BRDA:46,1,1,3
BRDA:98,2,0,0
BRDA:98,2,1,0
BRF:6
BRH:3
end_of_record
TN:
SF:src\components\Contact.jsx
FN:3,(anonymous_0)
FNF:1
FNH:1
FNDA:4,(anonymous_0)
DA:3,1
DA:4,4
LF:2
LH:2
BRF:0
BRH:0
end_of_record
TN:
SF:src\components\Header.jsx
FN:8,(anonymous_0)
FN:15,(anonymous_1)
FN:43,(anonymous_2)
FNF:3
FNH:3
FNDA:5,(anonymous_0)
FNDA:9,(anonymous_1)
FNDA:1,(anonymous_2)
DA:8,1
DA:9,5
DA:11,5
DA:15,9
DA:17,5
DA:19,5
DA:44,1
LF:7
LH:7
BRDA:44,0,0,1
BRDA:44,0,1,0
BRF:2
BRH:1
end_of_record
TN:
SF:src\components\RestaurantCard.jsx
FN:3,(anonymous_0)
FN:28,(anonymous_1)
FN:29,(anonymous_2)
FNF:3
FNH:2
FNDA:1,(anonymous_0)
FNDA:5,(anonymous_1)
FNDA:0,(anonymous_2)
DA:3,2
DA:11,1
DA:12,1
DA:28,2
DA:29,5
DA:30,0
LF:6
LH:5
BRF:0
BRH:0
end_of_record
TN:
SF:src\utils\appStore.js
FNF:0
FNH:0
DA:4,1
LF:1
LH:1
BRF:0
BRH:0
end_of_record
